[debug] [2020-09-16T07:22:40.470Z] ----------------------------------------------------------------------
[debug] [2020-09-16T07:22:40.488Z] Command:       C:\Program Files\nodejs\node.exe C:\Users\admin\AppData\Roaming\npm\node_modules\firebase-tools\lib\bin\firebase.js emulators:start
[debug] [2020-09-16T07:22:40.488Z] CLI Version:   7.15.0
[debug] [2020-09-16T07:22:40.488Z] Platform:      win32
[debug] [2020-09-16T07:22:40.488Z] Node Version:  v12.14.1
[debug] [2020-09-16T07:22:40.538Z] Time:          Wed Sep 16 2020 12:52:40 GMT+0530 (India Standard Time)
[debug] [2020-09-16T07:22:40.539Z] ----------------------------------------------------------------------
[debug] [2020-09-16T07:22:40.539Z] 
[debug] [2020-09-16T07:22:40.621Z] > command requires scopes: ["email","openid","https://www.googleapis.com/auth/cloudplatformprojects.readonly","https://www.googleapis.com/auth/firebase","https://www.googleapis.com/auth/cloud-platform"]
[debug] [2020-09-16T07:22:40.622Z] > authorizing via signed-in user
[info] i  emulators: Starting emulators: functions, hosting
[debug] [2020-09-16T07:22:43.040Z] [hub] writing locator at C:\Users\admin\AppData\Local\Temp\hub-fir-4a7fe.json
[info] +  hub: emulator hub started at http://localhost:4400
[warn] !  Your requested "node" version "8" doesn't match your global version "12"
[info] +  functions: functions emulator started at http://localhost:5001
[debug] [2020-09-16T07:22:47.273Z] >>> HTTP REQUEST GET https://firebase.googleapis.com/v1beta1/projects/fir-4a7fe/webApps/-/config  
 
[debug] [2020-09-16T07:22:50.084Z] <<< HTTP RESPONSE 200
[info] i  hosting: Serving hosting files from: build
[info] +  hosting: Local server: http://localhost:5000
[info] +  hosting: hosting emulator started at http://localhost:5000
[info] i  functions: Watching "C:\Users\admin\Desktop\react\amazon\functions" for Cloud Functions...
[debug] [2020-09-16T07:22:50.443Z] [worker-pool] addWorker(~diagnostic~)
[debug] [2020-09-16T07:22:50.443Z] [worker-pool] Adding worker with key ~diagnostic~, total=1
[debug] [2020-09-16T07:22:50.443Z] [worker-pool] submitWork(triggerId=)
[debug] [2020-09-16T07:22:50.444Z] [worker-~diagnostic~-ceaba70c-6d12-42e7-985d-a2efebb43918]: Assigning socketPath: \\?\pipe\C:\Users\admin\Desktop\react\amazon\functions\9244
[debug] [2020-09-16T07:22:50.444Z] [worker-~diagnostic~-ceaba70c-6d12-42e7-985d-a2efebb43918]: BUSY
